Starting process: 

Configuration data saved


SCUBA, Version Diamond (64-bit) 3.11.0.396.4
Wed Jul 20 12:35:34 2022

Copyright (c) 1991-1994 by NeoCAD Inc. All rights reserved.
Copyright (c) 1995 AT&T Corp.   All rights reserved.
Copyright (c) 1995-2001 Lucent Technologies Inc.  All rights reserved.
Copyright (c) 2001 Agere Systems   All rights reserved.
Copyright (c) 2002-2019 Lattice Semiconductor Corporation,  All rights reserved.

BEGIN SCUBA Module Synthesis

    Issued command   : C:\diamond\diamond\3.11_x64\ispfpga\bin\nt64\scuba.exe -w -n clkgen -lang verilog -synth synplify -bus_exp 7 -bb -arch sa5p00 -type pll -fin 25.00 -fclkop 50 -fclkop_tol 2.0 -fclkos 66 -fclkos_tol 2.0 -phases 0 -fclkos2 75 -fclkos2_tol 2.0 -phases2 0 -fclkos3 100 -fclkos3_tol 2.0 -phases3 0 -phase_cntl STATIC -fb_mode 1 
    Circuit name     : clkgen
    Module type      : pll
    Module Version   : 5.7
    Ports            : 
	Inputs       : CLKI
	Outputs      : CLKOP, CLKOS, CLKOS2, CLKOS3
    I/O buffer       : not inserted
    EDIF output      : clkgen.edn
    Verilog output   : clkgen.v
    Verilog template : clkgen_tmpl.v
    Verilog purpose  : for synthesis and simulation
    Bus notation     : big endian
    Report output    : clkgen.srp
    Estimated Resource Usage:

END   SCUBA Module Synthesis

File: clkgen.lpc created.


End process: completed successfully.


Total Warnings:  0

Total Errors:  0


