Running in Lattice mode

Starting:    C:\diamond\diamond\3.11_x64\synpbase\bin64\mbin\synbatch.exe
Install:     C:\diamond\diamond\3.11_x64\synpbase
Hostname:    DESKTOP-67MTJGK
Date:        Wed Jul 20 12:35:36 2022
Version:     N-2018.03L-SP1-1

Arguments:   -product synplify_pro -batch C:/lattice/picorv32/pll/clkgen/syn_results/clkgen.prj
ProductType: synplify_pro




log file: "C:\lattice\picorv32\pll\clkgen\syn_results\clkgen.srr"
Running: syn_results in foreground

Running clkgen|syn_results

Running Flow: compile (Compile) on clkgen|syn_results
# Wed Jul 20 12:35:37 2022

Running Flow: compile_flow (Compile Process) on clkgen|syn_results
# Wed Jul 20 12:35:37 2022

Running: compiler (Compile Input) on clkgen|syn_results
# Wed Jul 20 12:35:37 2022
Copied C:\lattice\picorv32\pll\clkgen\syn_results\synwork\clkgen_comp.srs to C:\lattice\picorv32\pll\clkgen\syn_results\clkgen.srs

compiler completed
# Wed Jul 20 12:35:38 2022

Return Code: 0
Run Time:00h:00m:01s

Running: multi_srs_gen (Multi-srs Generator) on clkgen|syn_results
# Wed Jul 20 12:35:38 2022

multi_srs_gen completed
# Wed Jul 20 12:35:38 2022

Return Code: 0
Run Time:00h:00m:00s
Copied C:\lattice\picorv32\pll\clkgen\syn_results\synwork\clkgen_mult.srs to C:\lattice\picorv32\pll\clkgen\syn_results\clkgen.srs
Copied C:\lattice\picorv32\pll\clkgen\syn_results\clkgen.srr to C:\lattice\picorv32\pll\clkgen\syn_results\clkgen.srf
Complete: Compile Process on clkgen|syn_results

Running: premap (Premap) on clkgen|syn_results
# Wed Jul 20 12:35:38 2022

premap completed
# Wed Jul 20 12:35:39 2022

Return Code: 0
Run Time:00h:00m:01s
Complete: Compile on clkgen|syn_results

Running Flow: map (Map) on clkgen|syn_results
# Wed Jul 20 12:35:39 2022
License granted for 4 parallel jobs

Running: fpga_mapper (Map & Optimize) on clkgen|syn_results
# Wed Jul 20 12:35:39 2022
Copied C:\lattice\picorv32\pll\clkgen\syn_results\synwork\clkgen_m.srm to C:\lattice\picorv32\pll\clkgen\syn_results\clkgen.srm

fpga_mapper completed with warnings
# Wed Jul 20 12:35:40 2022

Return Code: 1
Run Time:00h:00m:01s
Complete: Map on clkgen|syn_results
Copied C:\lattice\picorv32\pll\clkgen\syn_results\clkgen.srr to C:\lattice\picorv32\pll\clkgen\syn_results\clkgen.srf
Complete: Logic Synthesis on clkgen|syn_results
exit status=0
exit status=0
