Starting process: 

Configuration data saved


SCUBA, Version Diamond (64-bit) 3.11.0.396.4
Mon Jul 18 13:09:57 2022

Copyright (c) 1991-1994 by NeoCAD Inc. All rights reserved.
Copyright (c) 1995 AT&T Corp.   All rights reserved.
Copyright (c) 1995-2001 Lucent Technologies Inc.  All rights reserved.
Copyright (c) 2001 Agere Systems   All rights reserved.
Copyright (c) 2002-2019 Lattice Semiconductor Corporation,  All rights reserved.

BEGIN SCUBA Module Synthesis

    Issued command   : C:\diamond\diamond\3.11_x64\ispfpga\bin\nt64\scuba.exe -w -n pll25m -lang vhdl -synth synplify -bus_exp 7 -bb -arch sa5p00 -type pll -fin 25 -fclkop 100 -fclkop_tol 5.0 -fclkos 75 -fclkos_tol 5.0 -phases 0 -fclkos2 66 -fclkos2_tol 5.0 -phases2 0 -fclkos3 50 -fclkos3_tol 5.0 -phases3 0 -phase_cntl STATIC -lock -fb_mode 1 
    Circuit name     : pll25m
    Module type      : pll
    Module Version   : 5.7
    Ports            : 
	Inputs       : CLKI
	Outputs      : CLKOP, CLKOS, CLKOS2, CLKOS3, LOCK
    I/O buffer       : not inserted
    EDIF output      : pll25m.edn
    VHDL output      : pll25m.vhd
    VHDL template    : pll25m_tmpl.vhd
    VHDL purpose     : for synthesis and simulation
    Bus notation     : big endian
    Report output    : pll25m.srp
    Estimated Resource Usage:

END   SCUBA Module Synthesis

File: pll25m.lpc created.


End process: completed successfully.


Total Warnings:  0

Total Errors:  0


