Running in Lattice mode

Starting:    C:\diamond\diamond\3.11_x64\synpbase\bin64\mbin\synbatch.exe
Install:     C:\diamond\diamond\3.11_x64\synpbase
Hostname:    DESKTOP-67MTJGK
Date:        Mon Jul 18 13:10:35 2022
Version:     N-2018.03L-SP1-1

Arguments:   -product synplify_pro -batch C:/lattice/neorv32/clkwiz/pll25m/syn_results/pll25m.prj
ProductType: synplify_pro




log file: "C:\lattice\neorv32\clkwiz\pll25m\syn_results\pll25m.srr"
Running: syn_results in foreground

Running pll25m|syn_results

Running Flow: compile (Compile) on pll25m|syn_results
# Mon Jul 18 13:10:35 2022

Running Flow: compile_flow (Compile Process) on pll25m|syn_results
# Mon Jul 18 13:10:35 2022

Running: compiler (Compile Input) on pll25m|syn_results
# Mon Jul 18 13:10:35 2022
Copied C:\lattice\neorv32\clkwiz\pll25m\syn_results\synwork\pll25m_comp.srs to C:\lattice\neorv32\clkwiz\pll25m\syn_results\pll25m.srs

compiler completed
# Mon Jul 18 13:10:37 2022

Return Code: 0
Run Time:00h:00m:02s

Running: multi_srs_gen (Multi-srs Generator) on pll25m|syn_results
# Mon Jul 18 13:10:37 2022

multi_srs_gen completed
# Mon Jul 18 13:10:37 2022

Return Code: 0
Run Time:00h:00m:00s
Copied C:\lattice\neorv32\clkwiz\pll25m\syn_results\synwork\pll25m_mult.srs to C:\lattice\neorv32\clkwiz\pll25m\syn_results\pll25m.srs
Copied C:\lattice\neorv32\clkwiz\pll25m\syn_results\pll25m.srr to C:\lattice\neorv32\clkwiz\pll25m\syn_results\pll25m.srf
Complete: Compile Process on pll25m|syn_results

Running: premap (Premap) on pll25m|syn_results
# Mon Jul 18 13:10:37 2022

premap completed
# Mon Jul 18 13:10:38 2022

Return Code: 0
Run Time:00h:00m:01s
Complete: Compile on pll25m|syn_results

Running Flow: map (Map) on pll25m|syn_results
# Mon Jul 18 13:10:38 2022
License granted for 4 parallel jobs

Running: fpga_mapper (Map & Optimize) on pll25m|syn_results
# Mon Jul 18 13:10:38 2022
Copied C:\lattice\neorv32\clkwiz\pll25m\syn_results\synwork\pll25m_m.srm to C:\lattice\neorv32\clkwiz\pll25m\syn_results\pll25m.srm

fpga_mapper completed with warnings
# Mon Jul 18 13:10:39 2022

Return Code: 1
Run Time:00h:00m:01s
Complete: Map on pll25m|syn_results
Copied C:\lattice\neorv32\clkwiz\pll25m\syn_results\pll25m.srr to C:\lattice\neorv32\clkwiz\pll25m\syn_results\pll25m.srf
Complete: Logic Synthesis on pll25m|syn_results
exit status=0
exit status=0
