
Copyright (C) 1994-2018 Synopsys, Inc.
This Synopsys software and all associated documentation are proprietary to Synopsys, Inc.
and may only be used pursuant to the terms and conditions of a written license agreement
with Synopsys, Inc. All other use, reproduction, modification, or distribution of the
Synopsys software or the associated documentation is strictly prohibited.
Tool: Synplify Pro (R)
Build: N-2018.03L-SP1-1
Install: C:\diamond\diamond\3.11_x64\synpbase
OS: Windows 6.2

Hostname: DESKTOP-67MTJGK

Implementation : syn_results
Synopsys HDL compiler and linker, Version comp2018q2p1, Build 461R, Built Apr  1 2019 09:17:43

Modified Files: 11
FID:  path (prevtimestamp, timestamp)
0        C:\diamond\diamond\3.11_x64\synpbase\lib\lucent\ecp5u.vhd (N/A, 2019-04-01 09:08:08)
1        C:\diamond\diamond\3.11_x64\synpbase\lib\vhd\arith.vhd (N/A, 2019-04-01 09:07:44)
2        C:\diamond\diamond\3.11_x64\synpbase\lib\vhd\hyperents.vhd (N/A, 2019-04-01 09:07:44)
3        C:\diamond\diamond\3.11_x64\synpbase\lib\vhd\location.map (N/A, 2019-04-01 16:01:20)
4        C:\diamond\diamond\3.11_x64\synpbase\lib\vhd\numeric.vhd (N/A, 2019-04-01 09:07:44)
5        C:\diamond\diamond\3.11_x64\synpbase\lib\vhd\snps_haps_pkg.vhd (N/A, 2019-04-01 09:07:44)
6        C:\diamond\diamond\3.11_x64\synpbase\lib\vhd\std.vhd (N/A, 2019-04-01 09:07:44)
7        C:\diamond\diamond\3.11_x64\synpbase\lib\vhd\std1164.vhd (N/A, 2019-04-01 09:07:44)
8        C:\diamond\diamond\3.11_x64\synpbase\lib\vhd\umr_capim.vhd (N/A, 2019-04-01 09:07:44)
9        C:\diamond\diamond\3.11_x64\synpbase\lib\vhd\unsigned.vhd (N/A, 2019-04-01 09:07:44)
10       C:\lattice\neorv32\clkwiz\pll25m\pll25m.vhd (N/A, 2022-07-18 13:10:35)

*******************************************************************
Modules that may have changed as a result of file changes: 1
MID:  lib.cell.view
0        work.pll25m.structure may have changed because the following files changed:
                        C:\lattice\neorv32\clkwiz\pll25m\pll25m.vhd (N/A, 2022-07-18 13:10:35) <-- (architecture and entity definition)

*******************************************************************
Unmodified files: 0
FID:  path (timestamp)

*******************************************************************
Unchanged modules: 0
MID:  lib.cell.view
